# JRE version: OpenJDK Runtime Environment (11.0.7+10) (build 11.0.7+10-LTS)
# Java VM: OpenJDK 64-Bit Server VM (11.0.7+10-LTS, mixed mode, tiered, compressed oops, parallel gc, windows-amd64)
Heap:
 PSYoungGen      total 34816K, used 8776K [0x00000000eab00000, 0x00000000ed380000, 0x0000000100000000)
  eden space 33280K, 21% used [0x00000000eab00000,0x00000000eb217108,0x00000000ecb80000)
  from space 1536K, 98% used [0x00000000ed100000,0x00000000ed27b200,0x00000000ed280000)
  to   space 4096K, 0% used [0x00000000ecb80000,0x00000000ecb80000,0x00000000ecf80000)
 ParOldGen       total 359424K, used 252088K [0x00000000c0000000, 0x00000000d5f00000, 0x00000000eab00000)
  object space 359424K, 70% used [0x00000000c0000000,0x00000000cf62e390,0x00000000d5f00000)
 Metaspace       used 78690K, capacity 81726K, committed 81840K, reserved 1122304K
  class space    used 7082K, capacity 8168K, committed 8192K, reserved 1048576K
GC Heap History (20 events):
Event: 4958.925 GC heap before
{Heap before GC invocations=1488 (full 28):
 PSYoungGen      total 30208K, used 25570K [0x00000000eab00000, 0x00000000ecd80000, 0x0000000100000000)
  eden space 25088K, 94% used [0x00000000eab00000,0x00000000ec230ec8,0x00000000ec380000)
  from space 5120K, 35% used [0x00000000ec500000,0x00000000ec6c7bd0,0x00000000eca00000)
  to   space 2560K, 0% used [0x00000000ecb00000,0x00000000ecb00000,0x00000000ecd80000)
 ParOldGen       total 359424K, used 245619K [0x00000000c0000000, 0x00000000d5f00000, 0x00000000eab00000)
  object space 359424K, 68% used [0x00000000c0000000,0x00000000cefdced0,0x00000000d5f00000)
 Metaspace       used 78610K, capacity 81662K, committed 81840K, reserved 1122304K
  class space    used 7081K, capacity 8168K, committed 8192K, reserved 1048576K
}
Event: 4958.938 GC heap after
{Heap after GC invocations=1488 (full 28):
 PSYoungGen      total 29184K, used 1484K [0x00000000eab00000, 0x00000000ecc80000, 0x0000000100000000)
  eden space 27648K, 0% used [0x00000000eab00000,0x00000000eab00000,0x00000000ec600000)
  from space 1536K, 96% used [0x00000000ecb00000,0x00000000ecc732c0,0x00000000ecc80000)
  to   space 2048K, 0% used [0x00000000ec880000,0x00000000ec880000,0x00000000eca80000)
 ParOldGen       total 359424K, used 245619K [0x00000000c0000000, 0x00000000d5f00000, 0x00000000eab00000)
  object space 359424K, 68% used [0x00000000c0000000,0x00000000cefdced0,0x00000000d5f00000)
 Metaspace       used 78610K, capacity 81662K, committed 81840K, reserved 1122304K
  class space    used 7081K, capacity 8168K, committed 8192K, reserved 1048576K
}
Event: 4959.721 GC heap before
{Heap before GC invocations=1489 (full 28):
 PSYoungGen      total 29184K, used 29132K [0x00000000eab00000, 0x00000000ecc80000, 0x0000000100000000)
  eden space 27648K, 100% used [0x00000000eab00000,0x00000000ec600000,0x00000000ec600000)
  from space 1536K, 96% used [0x00000000ecb00000,0x00000000ecc732c0,0x00000000ecc80000)
  to   space 2048K, 0% used [0x00000000ec880000,0x00000000ec880000,0x00000000eca80000)
 ParOldGen       total 359424K, used 245619K [0x00000000c0000000, 0x00000000d5f00000, 0x00000000eab00000)
  object space 359424K, 68% used [0x00000000c0000000,0x00000000cefdced0,0x00000000d5f00000)
 Metaspace       used 78623K, capacity 81662K, committed 81840K, reserved 1122304K
  class space    used 7082K, capacity 8168K, committed 8192K, reserved 1048576K
}
Event: 4959.744 GC heap after
{Heap after GC invocations=1489 (full 28):
 PSYoungGen      total 31744K, used 1452K [0x00000000eab00000, 0x00000000ecb80000, 0x0000000100000000)
  eden space 30208K, 0% used [0x00000000eab00000,0x00000000eab00000,0x00000000ec880000)
  from space 1536K, 94% used [0x00000000ec880000,0x00000000ec9eb2c0,0x00000000eca00000)
  to   space 1536K, 0% used [0x00000000eca00000,0x00000000eca00000,0x00000000ecb80000)
 ParOldGen       total 359424K, used 245619K [0x00000000c0000000, 0x00000000d5f00000, 0x00000000eab00000)
  object space 359424K, 68% used [0x00000000c0000000,0x00000000cefdced0,0x00000000d5f00000)
 Metaspace       used 78623K, capacity 81662K, committed 81840K, reserved 1122304K
  class space    used 7082K, capacity 8168K, committed 8192K, reserved 1048576K
}
Event: 4959.981 GC heap before
{Heap before GC invocations=1490 (full 28):
 PSYoungGen      total 31744K, used 31357K [0x00000000eab00000, 0x00000000ecb80000, 0x0000000100000000)
  eden space 30208K, 98% used [0x00000000eab00000,0x00000000ec834408,0x00000000ec880000)
  from space 1536K, 94% used [0x00000000ec880000,0x00000000ec9eb2c0,0x00000000eca00000)
  to   space 1536K, 0% used [0x00000000eca00000,0x00000000eca00000,0x00000000ecb80000)
 ParOldGen       total 359424K, used 245619K [0x00000000c0000000, 0x00000000d5f00000, 0x00000000eab00000)
  object space 359424K, 68% used [0x00000000c0000000,0x00000000cefdced0,0x00000000d5f00000)
 Metaspace       used 78625K, capacity 81662K, committed 81840K, reserved 1122304K
  class space    used 7082K, capacity 8168K, committed 8192K, reserved 1048576K
}
Event: 4960.005 GC heap after
{Heap after GC invocations=1490 (full 28):
 PSYoungGen      total 31232K, used 1534K [0x00000000eab00000, 0x00000000ecf00000, 0x0000000100000000)
  eden space 29696K, 0% used [0x00000000eab00000,0x00000000eab00000,0x00000000ec800000)
  from space 1536K, 99% used [0x00000000eca00000,0x00000000ecb7fbd0,0x00000000ecb80000)
  to   space 2048K, 0% used [0x00000000ec800000,0x00000000ec800000,0x00000000eca00000)
 ParOldGen       total 359424K, used 245667K [0x00000000c0000000, 0x00000000d5f00000, 0x00000000eab00000)
  object space 359424K, 68% used [0x00000000c0000000,0x00000000cefe8ed0,0x00000000d5f00000)
 Metaspace       used 78625K, capacity 81662K, committed 81840K, reserved 1122304K
  class space    used 7082K, capacity 8168K, committed 8192K, reserved 1048576K
}
Event: 4960.190 GC heap before
{Heap before GC invocations=1491 (full 28):
 PSYoungGen      total 31232K, used 29186K [0x00000000eab00000, 0x00000000ecf00000, 0x0000000100000000)
  eden space 29696K, 93% used [0x00000000eab00000,0x00000000ec600e80,0x00000000ec800000)
  from space 1536K, 99% used [0x00000000eca00000,0x00000000ecb7fbd0,0x00000000ecb80000)
  to   space 2048K, 0% used [0x00000000ec800000,0x00000000ec800000,0x00000000eca00000)
 ParOldGen       total 359424K, used 245667K [0x00000000c0000000, 0x00000000d5f00000, 0x00000000eab00000)
  object space 359424K, 68% used [0x00000000c0000000,0x00000000cefe8ed0,0x00000000d5f00000)
 Metaspace       used 78643K, capacity 81726K, committed 81840K, reserved 1122304K
  class space    used 7082K, capacity 8168K, committed 8192K, reserved 1048576K
}
Event: 4960.202 GC heap after
{Heap after GC invocations=1491 (full 28):
 PSYoungGen      total 31744K, used 1534K [0x00000000eab00000, 0x00000000ece80000, 0x0000000100000000)
  eden space 29696K, 0% used [0x00000000eab00000,0x00000000eab00000,0x00000000ec800000)
  from space 2048K, 74% used [0x00000000ec800000,0x00000000ec97fbd0,0x00000000eca00000)
  to   space 2048K, 0% used [0x00000000ecc80000,0x00000000ecc80000,0x00000000ece80000)
 ParOldGen       total 359424K, used 245675K [0x00000000c0000000, 0x00000000d5f00000, 0x00000000eab00000)
  object space 359424K, 68% used [0x00000000c0000000,0x00000000cefeaed0,0x00000000d5f00000)
 Metaspace       used 78643K, capacity 81726K, committed 81840K, reserved 1122304K
  class space    used 7082K, capacity 8168K, committed 8192K, reserved 1048576K
}
Event: 4960.454 GC heap before
{Heap before GC invocations=1492 (full 28):
 PSYoungGen      total 31744K, used 29278K [0x00000000eab00000, 0x00000000ece80000, 0x0000000100000000)
  eden space 29696K, 93% used [0x00000000eab00000,0x00000000ec617c88,0x00000000ec800000)
  from space 2048K, 74% used [0x00000000ec800000,0x00000000ec97fbd0,0x00000000eca00000)
  to   space 2048K, 0% used [0x00000000ecc80000,0x00000000ecc80000,0x00000000ece80000)
 ParOldGen       total 359424K, used 245675K [0x00000000c0000000, 0x00000000d5f00000, 0x00000000eab00000)
  object space 359424K, 68% used [0x00000000c0000000,0x00000000cefeaed0,0x00000000d5f00000)
 Metaspace       used 78643K, capacity 81726K, committed 81840K, reserved 1122304K
  class space    used 7082K, capacity 8168K, committed 8192K, reserved 1048576K
}
Event: 4960.468 GC heap after
{Heap after GC invocations=1492 (full 28):
 PSYoungGen      total 34304K, used 1534K [0x00000000eab00000, 0x00000000ece80000, 0x0000000100000000)
  eden space 32256K, 0% used [0x00000000eab00000,0x00000000eab00000,0x00000000eca80000)
  from space 2048K, 74% used [0x00000000ecc80000,0x00000000ecdffbd0,0x00000000ece80000)
  to   space 2048K, 0% used [0x00000000eca80000,0x00000000eca80000,0x00000000ecc80000)
 ParOldGen       total 359424K, used 245675K [0x00000000c0000000, 0x00000000d5f00000, 0x00000000eab00000)
  object space 359424K, 68% used [0x00000000c0000000,0x00000000cefeaed0,0x00000000d5f00000)
 Metaspace       used 78643K, capacity 81726K, committed 81840K, reserved 1122304K
  class space    used 7082K, capacity 8168K, committed 8192K, reserved 1048576K
}
Event: 4966.205 GC heap before
{Heap before GC invocations=1493 (full 28):
 PSYoungGen      total 34304K, used 33790K [0x00000000eab00000, 0x00000000ece80000, 0x0000000100000000)
  eden space 32256K, 100% used [0x00000000eab00000,0x00000000eca80000,0x00000000eca80000)
  from space 2048K, 74% used [0x00000000ecc80000,0x00000000ecdffbd0,0x00000000ece80000)
  to   space 2048K, 0% used [0x00000000eca80000,0x00000000eca80000,0x00000000ecc80000)
 ParOldGen       total 359424K, used 245675K [0x00000000c0000000, 0x00000000d5f00000, 0x00000000eab00000)
  object space 359424K, 68% used [0x00000000c0000000,0x00000000cefeaed0,0x00000000d5f00000)
 Metaspace       used 78672K, capacity 81726K, committed 81840K, reserved 1122304K
  class space    used 7082K, capacity 8168K, committed 8192K, reserved 1048576K
}
Event: 4966.599 GC heap after
{Heap after GC invocations=1493 (full 28):
 PSYoungGen      total 34304K, used 2028K [0x00000000eab00000, 0x00000000ed300000, 0x0000000100000000)
  eden space 32256K, 0% used [0x00000000eab00000,0x00000000eab00000,0x00000000eca80000)
  from space 2048K, 99% used [0x00000000eca80000,0x00000000ecc7b2e0,0x00000000ecc80000)
  to   space 3072K, 0% used [0x00000000ed000000,0x00000000ed000000,0x00000000ed300000)
 ParOldGen       total 359424K, used 246226K [0x00000000c0000000, 0x00000000d5f00000, 0x00000000eab00000)
  object space 359424K, 68% used [0x00000000c0000000,0x00000000cf074930,0x00000000d5f00000)
 Metaspace       used 78672K, capacity 81726K, committed 81840K, reserved 1122304K
  class space    used 7082K, capacity 8168K, committed 8192K, reserved 1048576K
}
Event: 4981.436 GC heap before
{Heap before GC invocations=1494 (full 28):
 PSYoungGen      total 34304K, used 34284K [0x00000000eab00000, 0x00000000ed300000, 0x0000000100000000)
  eden space 32256K, 100% used [0x00000000eab00000,0x00000000eca80000,0x00000000eca80000)
  from space 2048K, 99% used [0x00000000eca80000,0x00000000ecc7b2e0,0x00000000ecc80000)
  to   space 3072K, 0% used [0x00000000ed000000,0x00000000ed000000,0x00000000ed300000)
 ParOldGen       total 359424K, used 246226K [0x00000000c0000000, 0x00000000d5f00000, 0x00000000eab00000)
  object space 359424K, 68% used [0x00000000c0000000,0x00000000cf074930,0x00000000d5f00000)
 Metaspace       used 78683K, capacity 81726K, committed 81840K, reserved 1122304K
  class space    used 7082K, capacity 8168K, committed 8192K, reserved 1048576K
}
Event: 4981.695 GC heap after
{Heap after GC invocations=1494 (full 28):
 PSYoungGen      total 34304K, used 3052K [0x00000000eab00000, 0x00000000ed980000, 0x0000000100000000)
  eden space 31232K, 0% used [0x00000000eab00000,0x00000000eab00000,0x00000000ec980000)
  from space 3072K, 99% used [0x00000000ed000000,0x00000000ed2fb2c0,0x00000000ed300000)
  to   space 6656K, 0% used [0x00000000ec980000,0x00000000ec980000,0x00000000ed000000)
 ParOldGen       total 359424K, used 248769K [0x00000000c0000000, 0x00000000d5f00000, 0x00000000eab00000)
  object space 359424K, 69% used [0x00000000c0000000,0x00000000cf2f0628,0x00000000d5f00000)
 Metaspace       used 78683K, capacity 81726K, committed 81840K, reserved 1122304K
  class space    used 7082K, capacity 8168K, committed 8192K, reserved 1048576K
}
Event: 4984.221 GC heap before
{Heap before GC invocations=1495 (full 28):
 PSYoungGen      total 34304K, used 34284K [0x00000000eab00000, 0x00000000ed980000, 0x0000000100000000)
  eden space 31232K, 100% used [0x00000000eab00000,0x00000000ec980000,0x00000000ec980000)
  from space 3072K, 99% used [0x00000000ed000000,0x00000000ed2fb2c0,0x00000000ed300000)
  to   space 6656K, 0% used [0x00000000ec980000,0x00000000ec980000,0x00000000ed000000)
 ParOldGen       total 359424K, used 248769K [0x00000000c0000000, 0x00000000d5f00000, 0x00000000eab00000)
  object space 359424K, 69% used [0x00000000c0000000,0x00000000cf2f0628,0x00000000d5f00000)
 Metaspace       used 78684K, capacity 81726K, committed 81840K, reserved 1122304K
  class space    used 7082K, capacity 8168K, committed 8192K, reserved 1048576K
}
Event: 4984.360 GC heap after
{Heap after GC invocations=1495 (full 28):
 PSYoungGen      total 37888K, used 6312K [0x00000000eab00000, 0x00000000ed880000, 0x0000000100000000)
  eden space 31232K, 0% used [0x00000000eab00000,0x00000000eab00000,0x00000000ec980000)
  from space 6656K, 94% used [0x00000000ec980000,0x00000000ecfaa170,0x00000000ed000000)
  to   space 6656K, 0% used [0x00000000ed200000,0x00000000ed200000,0x00000000ed880000)
 ParOldGen       total 359424K, used 249677K [0x00000000c0000000, 0x00000000d5f00000, 0x00000000eab00000)
  object space 359424K, 69% used [0x00000000c0000000,0x00000000cf3d37a0,0x00000000d5f00000)
 Metaspace       used 78684K, capacity 81726K, committed 81840K, reserved 1122304K
  class space    used 7082K, capacity 8168K, committed 8192K, reserved 1048576K
}
Event: 5293.462 GC heap before
{Heap before GC invocations=1496 (full 28):
 PSYoungGen      total 37888K, used 37544K [0x00000000eab00000, 0x00000000ed880000, 0x0000000100000000)
  eden space 31232K, 100% used [0x00000000eab00000,0x00000000ec980000,0x00000000ec980000)
  from space 6656K, 94% used [0x00000000ec980000,0x00000000ecfaa170,0x00000000ed000000)
  to   space 6656K, 0% used [0x00000000ed200000,0x00000000ed200000,0x00000000ed880000)
 ParOldGen       total 359424K, used 249677K [0x00000000c0000000, 0x00000000d5f00000, 0x00000000eab00000)
  object space 359424K, 69% used [0x00000000c0000000,0x00000000cf3d37a0,0x00000000d5f00000)
 Metaspace       used 78684K, capacity 81726K, committed 81840K, reserved 1122304K
  class space    used 7082K, capacity 8168K, committed 8192K, reserved 1048576K
}
Event: 5293.538 GC heap after
{Heap after GC invocations=1496 (full 28):
 PSYoungGen      total 34304K, used 2732K [0x00000000eab00000, 0x00000000ed500000, 0x0000000100000000)
  eden space 31232K, 0% used [0x00000000eab00000,0x00000000eab00000,0x00000000ec980000)
  from space 3072K, 88% used [0x00000000ed200000,0x00000000ed4ab200,0x00000000ed500000)
  to   space 4096K, 0% used [0x00000000ecd00000,0x00000000ecd00000,0x00000000ed100000)
 ParOldGen       total 359424K, used 249677K [0x00000000c0000000, 0x00000000d5f00000, 0x00000000eab00000)
  object space 359424K, 69% used [0x00000000c0000000,0x00000000cf3d37a0,0x00000000d5f00000)
 Metaspace       used 78684K, capacity 81726K, committed 81840K, reserved 1122304K
  class space    used 7082K, capacity 8168K, committed 8192K, reserved 1048576K
}
Event: 5295.342 GC heap before
{Heap before GC invocations=1497 (full 28):
 PSYoungGen      total 34304K, used 33964K [0x00000000eab00000, 0x00000000ed500000, 0x0000000100000000)
  eden space 31232K, 100% used [0x00000000eab00000,0x00000000ec980000,0x00000000ec980000)
  from space 3072K, 88% used [0x00000000ed200000,0x00000000ed4ab200,0x00000000ed500000)
  to   space 4096K, 0% used [0x00000000ecd00000,0x00000000ecd00000,0x00000000ed100000)
 ParOldGen       total 359424K, used 249677K [0x00000000c0000000, 0x00000000d5f00000, 0x00000000eab00000)
  object space 359424K, 69% used [0x00000000c0000000,0x00000000cf3d37a0,0x00000000d5f00000)
 Metaspace       used 78686K, capacity 81726K, committed 81840K, reserved 1122304K
  class space    used 7082K, capacity 8168K, committed 8192K, reserved 1048576K
}
Event: 5295.391 GC heap after
{Heap after GC invocations=1497 (full 28):
 PSYoungGen      total 35328K, used 3660K [0x00000000eab00000, 0x00000000ed280000, 0x0000000100000000)
  eden space 31232K, 0% used [0x00000000eab00000,0x00000000eab00000,0x00000000ec980000)
  from space 4096K, 89% used [0x00000000ecd00000,0x00000000ed093220,0x00000000ed100000)
  to   space 1536K, 0% used [0x00000000ed100000,0x00000000ed100000,0x00000000ed280000)
 ParOldGen       total 359424K, used 249677K [0x00000000c0000000, 0x00000000d5f00000, 0x00000000eab00000)
  object space 359424K, 69% used [0x00000000c0000000,0x00000000cf3d37a0,0x00000000d5f00000)
 Metaspace       used 78686K, capacity 81726K, committed 81840K, reserved 1122304K
  class space    used 7082K, capacity 8168K, committed 8192K, reserved 1048576K
}

